2016-02-14 10:06:35 INFO  ContextLoader:285 - Root WebApplicationContext: initialization started
2016-02-14 10:06:35 INFO  XmlWebApplicationContext:510 - Refreshing Root WebApplicationContext: startup date [Sun Feb 14 10:06:35 CST 2016]; root of context hierarchy
2016-02-14 10:06:35 INFO  XmlBeanDefinitionReader:317 - Loading XML bean definitions from class path resource [conf/applicationContext.xml]
2016-02-14 10:06:36 INFO  XmlBeanDefinitionReader:317 - Loading XML bean definitions from ServletContext resource [/WEB-INF/session.xml]
2016-02-14 10:06:36 INFO  DefaultListableBeanFactory:829 - Overriding bean definition for bean 'sessionRedisTemplate': replacing [Root bean: class [null]; scope=; abstract=false; lazyInit=false; autowireMode=3; dependencyCheck=0; autowireCandidate=true; primary=false; factoryBeanName=sessionRedisConfig; factoryMethodName=sessionRedisTemplate; initMethodName=null; destroyMethodName=(inferred); defined in com.lvsong.config.SessionRedisConfig] with [Root bean: class [null]; scope=; abstract=false; lazyInit=false; autowireMode=3; dependencyCheck=0; autowireCandidate=true; primary=false; factoryBeanName=org.springframework.session.data.redis.config.annotation.web.http.RedisHttpSessionConfiguration#0; factoryMethodName=sessionRedisTemplate; initMethodName=null; destroyMethodName=(inferred); defined in class path resource [org/springframework/session/data/redis/config/annotation/web/http/RedisHttpSessionConfiguration.class]]
2016-02-14 10:06:36 INFO  AutowiredAnnotationBeanPostProcessor:153 - JSR-330 'javax.inject.Inject' annotation found and supported for autowiring
2016-02-14 10:06:36 INFO  PostProcessorRegistrationDelegate$BeanPostProcessorChecker:309 - Bean 'org.springframework.scheduling.annotation.SchedulingConfiguration' of type [class org.springframework.scheduling.annotation.SchedulingConfiguration$$EnhancerBySpringCGLIB$$f4eda73] is not eligible for getting processed by all BeanPostProcessors (for example: not eligible for auto-proxying)
2016-02-14 10:06:37 INFO  SessionRedisConfig:44 - --------------------------------------
2016-02-14 10:06:37 INFO  SessionRedisConfig:45 - session redis host: 127.0.0.1
2016-02-14 10:06:37 INFO  SessionRedisConfig:46 - session redis port: 6379
2016-02-14 10:06:37 INFO  SessionRedisConfig:47 - session redis password: 
2016-02-14 10:06:37 INFO  SessionRedisConfig:48 - --------------------------------------
2016-02-14 10:06:37 INFO  DefaultLifecycleProcessor:341 - Starting beans in phase 2147483647
2016-02-14 10:06:37 INFO  ContextLoader:325 - Root WebApplicationContext: initialization completed in 1652 ms
2016-02-14 10:06:37 INFO  DispatcherServlet:484 - FrameworkServlet 'mvc-dispatcher': initialization started
2016-02-14 10:06:37 INFO  XmlWebApplicationContext:510 - Refreshing WebApplicationContext for namespace 'mvc-dispatcher-servlet': startup date [Sun Feb 14 10:06:37 CST 2016]; parent: Root WebApplicationContext
2016-02-14 10:06:37 INFO  XmlBeanDefinitionReader:317 - Loading XML bean definitions from ServletContext resource [/WEB-INF/mvc-dispatcher-servlet.xml]
2016-02-14 10:06:37 INFO  AutowiredAnnotationBeanPostProcessor:153 - JSR-330 'javax.inject.Inject' annotation found and supported for autowiring
2016-02-14 10:06:37 INFO  DefaultAnnotationHandlerMapping:314 - Mapped URL path [/student/register] onto handler 'studentController'
2016-02-14 10:06:37 INFO  DefaultAnnotationHandlerMapping:314 - Mapped URL path [/student/register.*] onto handler 'studentController'
2016-02-14 10:06:37 INFO  DefaultAnnotationHandlerMapping:314 - Mapped URL path [/student/register/] onto handler 'studentController'
2016-02-14 10:06:37 INFO  DefaultAnnotationHandlerMapping:314 - Mapped URL path [/user/register] onto handler 'userController'
2016-02-14 10:06:37 INFO  DefaultAnnotationHandlerMapping:314 - Mapped URL path [/user/register.*] onto handler 'userController'
2016-02-14 10:06:37 INFO  DefaultAnnotationHandlerMapping:314 - Mapped URL path [/user/register/] onto handler 'userController'
2016-02-14 10:06:37 INFO  DefaultAnnotationHandlerMapping:314 - Mapped URL path [/user/session] onto handler 'userController'
2016-02-14 10:06:37 INFO  DefaultAnnotationHandlerMapping:314 - Mapped URL path [/user/session.*] onto handler 'userController'
2016-02-14 10:06:37 INFO  DefaultAnnotationHandlerMapping:314 - Mapped URL path [/user/session/] onto handler 'userController'
2016-02-14 10:06:37 INFO  DefaultAnnotationHandlerMapping:314 - Mapped URL path [/user] onto handler 'userController'
2016-02-14 10:06:37 INFO  DefaultAnnotationHandlerMapping:314 - Mapped URL path [/user.*] onto handler 'userController'
2016-02-14 10:06:37 INFO  DefaultAnnotationHandlerMapping:314 - Mapped URL path [/user/] onto handler 'userController'
2016-02-14 10:06:37 INFO  DispatcherServlet:503 - FrameworkServlet 'mvc-dispatcher': initialization completed in 496 ms
2016-02-14 10:21:14 INFO  XmlWebApplicationContext:862 - Closing WebApplicationContext for namespace 'mvc-dispatcher-servlet': startup date [Sun Feb 14 10:06:37 CST 2016]; parent: Root WebApplicationContext
2016-02-14 10:21:14 INFO  XmlWebApplicationContext:862 - Closing Root WebApplicationContext: startup date [Sun Feb 14 10:06:35 CST 2016]; root of context hierarchy
2016-02-14 10:21:14 INFO  DefaultLifecycleProcessor:356 - Stopping beans in phase 2147483647
